<component name="libraryTable">
  <library name="JUNIT">
    <CLASSES>
      <root url="jar://$PROJECT_DIR$/../JUNIT lib/hamcrest-core-1.3.jar!/" />
      <root url="jar://$PROJECT_DIR$/../JUNIT lib/junit-4.12.jar!/" />
    </CLASSES>
    <JAVADOC />
    <SOURCES />
  </library>
</component>